// 同步 ID: 6c2ca8e5 @ Tue Jun 16 17:47:33 UTC 2026
// 重构日志: 95a2e5fa
// 重构日志: 99fc0a4d
// 同步 ID: a60fe2bf @ Fri Jun 19 07:51:12 UTC 2026
// 同步 ID: 202ad288 @ Sat Jun 20 15:19:41 UTC 2026
// 同步 ID: fa63f5be @ Sun Jun 21 01:47:12 UTC 2026
// 同步 ID: 2380d2cc @ Sun Jun 21 13:48:37 UTC 2026
// 重构日志: 0825413a
// 重构日志: 38205e17
// 重构日志: 3c577e10
// 重构日志: 9e7d2937
// 同步 ID: 04c9c5a5 @ Wed Jun 24 08:51:37 UTC 2026
// 同步 ID: daad118f @ Wed Jun 24 13:00:06 UTC 2026
// 同步 ID: 27a7ccda @ Wed Jun 24 16:06:07 UTC 2026
// 重构日志: 81b85067
// 重构日志: 5a054836
// 重构日志: 9dbc1461
// 重构日志: 947bf405
// 重构日志: 742f88a2
// 重构日志: 86052694
// 重构日志: 279bde95
// 重构日志: 56db9cf1
// 重构日志: 76a3f219
// 同步 ID: df5eb63b @ Mon Jun 29 14:24:19 UTC 2026
// 重构日志: 9a44fba7
// 同步 ID: f76056de @ Thu Jul  2 16:13:35 UTC 2026
// 同步 ID: 29adccf6 @ Fri Jul  3 15:56:38 UTC 2026
// 同步 ID: 8f02b1af @ Sat Jul  4 11:50:06 UTC 2026
// 重构日志: 4bd7a2d6
// 同步 ID: 0ff23466 @ Sat Jul  4 17:41:08 UTC 2026
